c:\users\user\desktop\azurekinectproject\azurekinectproject\x64\debug\vc140.pdb
c:\users\user\desktop\azurekinectproject\azurekinectproject\x64\debug\vc140.idb
c:\users\user\desktop\azurekinectproject\azurekinectproject\x64\debug\kinect.obj
c:\users\user\desktop\azurekinectproject\azurekinectproject\x64\debug\main.obj
c:\users\user\desktop\imagereader\azurekinectproject\x64\debug\vc140.pdb
c:\users\user\desktop\imagereader\azurekinectproject\x64\debug\vc140.idb
c:\users\user\desktop\imagereader\azurekinectproject\x64\debug\main.obj
c:\users\user\desktop\azurekinectproject\x64\debug\azurekinectproject.ilk
c:\users\user\desktop\azurekinectproject\x64\debug\azurekinectproject.exe
c:\users\user\desktop\azurekinectproject\x64\debug\azurekinectproject.pdb
c:\users\user\desktop\imagereader\x64\debug\azurekinectproject.ilk
c:\users\user\desktop\imagereader\x64\debug\azurekinectproject.exe
c:\users\user\desktop\imagereader\x64\debug\azurekinectproject.pdb
c:\users\user\desktop\imagereader\azurekinectproject\x64\debug\kinect.obj
c:\users\user\desktop\imagereader\azurekinectproject\x64\debug\kinect.obj.enc
c:\users\user\desktop\imagereader\azurekinectproject\x64\debug\main.obj.enc
c:\users\user\desktop\imagereader\azurekinectproject\x64\debug\azurekin.f8eb90de.tlog\cl.command.1.tlog
c:\users\user\desktop\imagereader\azurekinectproject\x64\debug\azurekin.f8eb90de.tlog\cl.read.1.tlog
c:\users\user\desktop\imagereader\azurekinectproject\x64\debug\azurekin.f8eb90de.tlog\cl.write.1.tlog
c:\users\user\desktop\imagereader\azurekinectproject\x64\debug\azurekin.f8eb90de.tlog\link.command.1.tlog
c:\users\user\desktop\imagereader\azurekinectproject\x64\debug\azurekin.f8eb90de.tlog\link.read.1.tlog
c:\users\user\desktop\imagereader\azurekinectproject\x64\debug\azurekin.f8eb90de.tlog\link.write.1.tlog
